mode: set
google.golang.org/grpc/security/authorization/engine/engine.go:61.71,64.2 2 1
google.golang.org/grpc/security/authorization/engine/engine.go:68.66,70.2 1 0
google.golang.org/grpc/security/authorization/engine/engine.go:80.68,83.48 2 1
google.golang.org/grpc/security/authorization/engine/engine.go:89.2,89.45 1 1
google.golang.org/grpc/security/authorization/engine/engine.go:95.2,96.16 2 1
google.golang.org/grpc/security/authorization/engine/engine.go:100.2,100.38 1 1
google.golang.org/grpc/security/authorization/engine/engine.go:83.48,85.17 2 1
google.golang.org/grpc/security/authorization/engine/engine.go:85.17,87.4 1 1
google.golang.org/grpc/security/authorization/engine/engine.go:89.45,91.17 2 1
google.golang.org/grpc/security/authorization/engine/engine.go:91.17,93.4 1 1
google.golang.org/grpc/security/authorization/engine/engine.go:96.16,98.3 1 0
google.golang.org/grpc/security/authorization/engine/engine.go:103.68,104.27 1 1
google.golang.org/grpc/security/authorization/engine/engine.go:107.2,107.29 1 1
google.golang.org/grpc/security/authorization/engine/engine.go:104.27,106.3 1 1
google.golang.org/grpc/security/authorization/engine/engine.go:110.65,113.2 1 1
google.golang.org/grpc/security/authorization/engine/engine.go:115.67,118.2 1 1
google.golang.org/grpc/security/authorization/engine/engine.go:120.79,123.2 1 1
google.golang.org/grpc/security/authorization/engine/engine.go:125.67,126.26 1 1
google.golang.org/grpc/security/authorization/engine/engine.go:129.2,131.16 3 1
google.golang.org/grpc/security/authorization/engine/engine.go:134.2,134.18 1 1
google.golang.org/grpc/security/authorization/engine/engine.go:126.26,128.3 1 1
google.golang.org/grpc/security/authorization/engine/engine.go:131.16,133.3 1 0
google.golang.org/grpc/security/authorization/engine/engine.go:137.61,138.26 1 1
google.golang.org/grpc/security/authorization/engine/engine.go:141.2,143.16 3 1
google.golang.org/grpc/security/authorization/engine/engine.go:146.2,146.27 1 1
google.golang.org/grpc/security/authorization/engine/engine.go:138.26,140.3 1 1
google.golang.org/grpc/security/authorization/engine/engine.go:143.16,145.3 1 0
google.golang.org/grpc/security/authorization/engine/engine.go:149.72,152.2 1 1
google.golang.org/grpc/security/authorization/engine/engine.go:154.66,157.2 1 1
google.golang.org/grpc/security/authorization/engine/engine.go:159.75,162.2 1 1
google.golang.org/grpc/security/authorization/engine/engine.go:164.69,167.2 1 1
google.golang.org/grpc/security/authorization/engine/engine.go:184.35,186.2 1 0
google.golang.org/grpc/security/authorization/engine/engine.go:200.62,202.2 1 1
google.golang.org/grpc/security/authorization/engine/engine.go:205.77,210.22 3 1
google.golang.org/grpc/security/authorization/engine/engine.go:214.2,214.48 1 1
google.golang.org/grpc/security/authorization/engine/engine.go:218.2,220.3 1 1
google.golang.org/grpc/security/authorization/engine/engine.go:210.22,212.3 1 0
google.golang.org/grpc/security/authorization/engine/engine.go:214.48,216.3 1 0
google.golang.org/grpc/security/authorization/engine/engine.go:230.74,231.17 1 1
google.golang.org/grpc/security/authorization/engine/engine.go:234.2,236.48 3 1
google.golang.org/grpc/security/authorization/engine/engine.go:243.2,243.45 1 1
google.golang.org/grpc/security/authorization/engine/engine.go:231.17,233.3 1 1
google.golang.org/grpc/security/authorization/engine/engine.go:236.48,238.17 2 1
google.golang.org/grpc/security/authorization/engine/engine.go:241.3,241.29 1 1
google.golang.org/grpc/security/authorization/engine/engine.go:238.17,240.4 1 0
google.golang.org/grpc/security/authorization/engine/engine.go:249.61,250.88 1 1
google.golang.org/grpc/security/authorization/engine/engine.go:253.2,253.21 1 1
google.golang.org/grpc/security/authorization/engine/engine.go:250.88,252.3 1 1
google.golang.org/grpc/security/authorization/engine/engine.go:266.94,268.51 2 1
google.golang.org/grpc/security/authorization/engine/engine.go:298.2,298.33 1 1
google.golang.org/grpc/security/authorization/engine/engine.go:301.2,301.47 1 1
google.golang.org/grpc/security/authorization/engine/engine.go:268.51,272.17 3 1
google.golang.org/grpc/security/authorization/engine/engine.go:292.3,292.17 1 1
google.golang.org/grpc/security/authorization/engine/engine.go:272.17,273.18 1 1
google.golang.org/grpc/security/authorization/engine/engine.go:280.4,280.17 1 1
google.golang.org/grpc/security/authorization/engine/engine.go:273.18,278.5 1 1
google.golang.org/grpc/security/authorization/engine/engine.go:281.9,283.26 1 1
google.golang.org/grpc/security/authorization/engine/engine.go:283.26,286.5 2 0
google.golang.org/grpc/security/authorization/engine/engine.go:286.10,288.5 1 1
google.golang.org/grpc/security/authorization/engine/engine.go:292.17,294.4 1 1
google.golang.org/grpc/security/authorization/engine/engine.go:294.9,294.19 1 1
google.golang.org/grpc/security/authorization/engine/engine.go:294.19,296.4 1 1
google.golang.org/grpc/security/authorization/engine/engine.go:298.33,300.3 1 1
google.golang.org/grpc/security/authorization/engine/engine.go:311.81,312.33 1 1
google.golang.org/grpc/security/authorization/engine/engine.go:315.2,315.97 1 1
google.golang.org/grpc/security/authorization/engine/engine.go:319.2,333.16 2 1
google.golang.org/grpc/security/authorization/engine/engine.go:337.2,338.16 2 1
google.golang.org/grpc/security/authorization/engine/engine.go:341.2,342.16 2 1
google.golang.org/grpc/security/authorization/engine/engine.go:345.2,345.72 1 1
google.golang.org/grpc/security/authorization/engine/engine.go:312.33,314.3 1 1
google.golang.org/grpc/security/authorization/engine/engine.go:315.97,317.3 1 1
google.golang.org/grpc/security/authorization/engine/engine.go:333.16,335.3 1 0
google.golang.org/grpc/security/authorization/engine/engine.go:338.16,340.3 1 0
google.golang.org/grpc/security/authorization/engine/engine.go:342.16,344.3 1 0
google.golang.org/grpc/security/authorization/engine/engine.go:365.114,370.37 4 1
google.golang.org/grpc/security/authorization/engine/engine.go:374.2,374.67 1 1
google.golang.org/grpc/security/authorization/engine/engine.go:377.2,377.58 1 1
google.golang.org/grpc/security/authorization/engine/engine.go:370.37,372.3 1 1
google.golang.org/grpc/security/authorization/engine/engine.go:374.67,376.3 1 1
google.golang.org/grpc/security/authorization/engine/util.go:31.62,34.22 2 1
google.golang.org/grpc/security/authorization/engine/util.go:38.2,39.22 2 1
google.golang.org/grpc/security/authorization/engine/util.go:43.2,43.52 1 1
google.golang.org/grpc/security/authorization/engine/util.go:46.2,46.21 1 1
google.golang.org/grpc/security/authorization/engine/util.go:34.22,36.3 1 0
google.golang.org/grpc/security/authorization/engine/util.go:39.22,41.3 1 1
google.golang.org/grpc/security/authorization/engine/util.go:43.52,45.3 1 0
google.golang.org/grpc/security/authorization/engine/util.go:49.100,51.16 2 1
google.golang.org/grpc/security/authorization/engine/util.go:54.2,55.16 2 1
google.golang.org/grpc/security/authorization/engine/util.go:58.2,59.16 2 1
google.golang.org/grpc/security/authorization/engine/util.go:62.2,62.25 1 1
google.golang.org/grpc/security/authorization/engine/util.go:51.16,53.3 1 0
google.golang.org/grpc/security/authorization/engine/util.go:55.16,57.3 1 1
google.golang.org/grpc/security/authorization/engine/util.go:59.16,61.3 1 0
google.golang.org/grpc/security/authorization/engine/util.go:65.77,67.16 2 1
google.golang.org/grpc/security/authorization/engine/util.go:70.2,70.25 1 1
google.golang.org/grpc/security/authorization/engine/util.go:67.16,69.3 1 0
