google.golang.org/grpc/stats/opencensus/stats.go:49.43,51.2 1 1
google.golang.org/grpc/stats/opencensus/stats.go:81.121,88.43 2 1
google.golang.org/grpc/stats/opencensus/stats.go:91.2,91.16 1 1
google.golang.org/grpc/stats/opencensus/stats.go:88.43,90.3 1 1
google.golang.org/grpc/stats/opencensus/stats.go:98.121,104.48 2 1
google.golang.org/grpc/stats/opencensus/stats.go:113.2,114.16 2 1
google.golang.org/grpc/stats/opencensus/stats.go:104.48,105.51 1 1
google.golang.org/grpc/stats/opencensus/stats.go:105.51,107.4 1 1
google.golang.org/grpc/stats/opencensus/stats.go:117.76,118.15 1 1
google.golang.org/grpc/stats/opencensus/stats.go:124.2,124.24 1 1
google.golang.org/grpc/stats/opencensus/stats.go:118.15,123.3 2 0
google.golang.org/grpc/stats/opencensus/stats.go:125.78,125.78 0 1
google.golang.org/grpc/stats/opencensus/stats.go:129.20,130.31 1 1
google.golang.org/grpc/stats/opencensus/stats.go:131.25,132.31 1 1
google.golang.org/grpc/stats/opencensus/stats.go:133.24,134.30 1 1
google.golang.org/grpc/stats/opencensus/stats.go:135.18,136.29 1 1
google.golang.org/grpc/stats/opencensus/stats.go:137.10,140.75 1 0
google.golang.org/grpc/stats/opencensus/stats.go:146.76,147.14 1 1
google.golang.org/grpc/stats/opencensus/stats.go:153.2,155.52 1 1
google.golang.org/grpc/stats/opencensus/stats.go:147.14,152.3 2 1
google.golang.org/grpc/stats/opencensus/stats.go:161.66,165.2 3 1
google.golang.org/grpc/stats/opencensus/stats.go:170.64,174.2 3 1
google.golang.org/grpc/stats/opencensus/stats.go:178.72,183.20 3 1
google.golang.org/grpc/stats/opencensus/stats.go:192.2,192.14 1 1
google.golang.org/grpc/stats/opencensus/stats.go:209.2,221.30 1 1
google.golang.org/grpc/stats/opencensus/stats.go:183.20,186.3 2 0
google.golang.org/grpc/stats/opencensus/stats.go:186.8,188.3 1 1
google.golang.org/grpc/stats/opencensus/stats.go:192.14,208.3 2 1
google.golang.org/grpc/stats/opencensus/trace.go:40.118,54.2 4 1
google.golang.org/grpc/stats/opencensus/trace.go:59.118,63.60 3 1
google.golang.org/grpc/stats/opencensus/trace.go:74.2,78.3 1 1
google.golang.org/grpc/stats/opencensus/trace.go:63.60,68.3 2 1
google.golang.org/grpc/stats/opencensus/trace.go:68.8,72.3 1 0
google.golang.org/grpc/stats/opencensus/trace.go:84.74,85.33 1 1
google.golang.org/grpc/stats/opencensus/trace.go:91.2,93.25 2 1
google.golang.org/grpc/stats/opencensus/trace.go:85.33,90.3 2 0
google.golang.org/grpc/stats/opencensus/trace.go:94.20,101.4 1 1
google.golang.org/grpc/stats/opencensus/trace.go:102.28,103.49 1 0
google.golang.org/grpc/stats/opencensus/trace.go:104.24,108.87 2 1
google.golang.org/grpc/stats/opencensus/trace.go:109.25,111.84 2 1
google.golang.org/grpc/stats/opencensus/trace.go:112.18,113.22 1 1
google.golang.org/grpc/stats/opencensus/trace.go:122.3,122.13 1 1
google.golang.org/grpc/stats/opencensus/trace.go:113.22,119.4 2 0
google.golang.org/grpc/stats/opencensus/trace.go:119.9,121.4 1 1
google.golang.org/grpc/stats/opencensus/opencensus.go:64.50,67.2 2 1
google.golang.org/grpc/stats/opencensus/opencensus.go:82.54,84.2 1 1
google.golang.org/grpc/stats/opencensus/opencensus.go:88.114,90.26 2 1
google.golang.org/grpc/stats/opencensus/opencensus.go:94.2,94.18 1 1
google.golang.org/grpc/stats/opencensus/opencensus.go:90.26,93.3 2 1
google.golang.org/grpc/stats/opencensus/opencensus.go:98.95,100.17 2 1
google.golang.org/grpc/stats/opencensus/opencensus.go:104.2,113.3 2 1
google.golang.org/grpc/stats/opencensus/opencensus.go:100.17,103.3 2 1
google.golang.org/grpc/stats/opencensus/opencensus.go:119.180,125.2 5 1
google.golang.org/grpc/stats/opencensus/opencensus.go:130.206,133.30 3 1
google.golang.org/grpc/stats/opencensus/opencensus.go:136.2,138.16 3 1
google.golang.org/grpc/stats/opencensus/opencensus.go:141.2,141.15 1 1
google.golang.org/grpc/stats/opencensus/opencensus.go:133.30,135.3 1 1
google.golang.org/grpc/stats/opencensus/opencensus.go:138.16,140.3 1 0
google.golang.org/grpc/stats/opencensus/opencensus.go:151.67,153.2 1 1
google.golang.org/grpc/stats/opencensus/opencensus.go:157.47,160.2 2 1
google.golang.org/grpc/stats/opencensus/opencensus.go:164.76,166.9 2 0
google.golang.org/grpc/stats/opencensus/opencensus.go:169.2,169.39 1 0
google.golang.org/grpc/stats/opencensus/opencensus.go:172.2,173.17 2 0
google.golang.org/grpc/stats/opencensus/opencensus.go:166.9,168.3 1 0
google.golang.org/grpc/stats/opencensus/opencensus.go:169.39,171.3 1 0
google.golang.org/grpc/stats/opencensus/opencensus.go:181.99,183.2 1 1
google.golang.org/grpc/stats/opencensus/opencensus.go:186.78,186.79 0 1
google.golang.org/grpc/stats/opencensus/opencensus.go:189.99,192.26 3 1
google.golang.org/grpc/stats/opencensus/opencensus.go:195.2,199.28 2 1
google.golang.org/grpc/stats/opencensus/opencensus.go:192.26,194.3 1 1
google.golang.org/grpc/stats/opencensus/opencensus.go:202.82,204.15 2 1
google.golang.org/grpc/stats/opencensus/opencensus.go:208.2,209.26 2 1
google.golang.org/grpc/stats/opencensus/opencensus.go:204.15,207.3 1 0
google.golang.org/grpc/stats/opencensus/opencensus.go:209.26,211.3 1 1
google.golang.org/grpc/stats/opencensus/opencensus.go:219.99,221.2 1 1
google.golang.org/grpc/stats/opencensus/opencensus.go:224.78,224.79 0 1
google.golang.org/grpc/stats/opencensus/opencensus.go:227.99,230.26 3 1
google.golang.org/grpc/stats/opencensus/opencensus.go:233.2,237.28 2 1
google.golang.org/grpc/stats/opencensus/opencensus.go:230.26,232.3 1 1
google.golang.org/grpc/stats/opencensus/opencensus.go:241.82,243.15 2 1
google.golang.org/grpc/stats/opencensus/opencensus.go:247.2,248.26 2 1
google.golang.org/grpc/stats/opencensus/opencensus.go:243.15,246.3 1 0
google.golang.org/grpc/stats/opencensus/opencensus.go:248.26,250.3 1 1
