mode: set
google.golang.org/grpc/security/advancedtls/advancedtls.go:101.56,104.37 3 1
google.golang.org/grpc/security/advancedtls/advancedtls.go:109.2,109.12 1 1
google.golang.org/grpc/security/advancedtls/advancedtls.go:104.37,105.27 1 1
google.golang.org/grpc/security/advancedtls/advancedtls.go:105.27,107.4 1 1
google.golang.org/grpc/security/advancedtls/advancedtls.go:135.60,138.37 3 1
google.golang.org/grpc/security/advancedtls/advancedtls.go:143.2,143.12 1 1
google.golang.org/grpc/security/advancedtls/advancedtls.go:138.37,139.27 1 1
google.golang.org/grpc/security/advancedtls/advancedtls.go:139.27,141.4 1 1
google.golang.org/grpc/security/advancedtls/advancedtls.go:228.55,229.56 1 1
google.golang.org/grpc/security/advancedtls/advancedtls.go:234.2,234.54 1 1
google.golang.org/grpc/security/advancedtls/advancedtls.go:237.2,237.58 1 1
google.golang.org/grpc/security/advancedtls/advancedtls.go:240.2,240.63 1 1
google.golang.org/grpc/security/advancedtls/advancedtls.go:243.2,243.33 1 1
google.golang.org/grpc/security/advancedtls/advancedtls.go:246.2,255.9 2 1
google.golang.org/grpc/security/advancedtls/advancedtls.go:282.2,282.9 1 1
google.golang.org/grpc/security/advancedtls/advancedtls.go:301.2,301.20 1 1
google.golang.org/grpc/security/advancedtls/advancedtls.go:229.56,231.3 1 1
google.golang.org/grpc/security/advancedtls/advancedtls.go:234.54,236.3 1 1
google.golang.org/grpc/security/advancedtls/advancedtls.go:237.58,239.3 1 1
google.golang.org/grpc/security/advancedtls/advancedtls.go:240.63,242.3 1 1
google.golang.org/grpc/security/advancedtls/advancedtls.go:243.33,245.3 1 1
google.golang.org/grpc/security/advancedtls/advancedtls.go:256.40,257.45 1 1
google.golang.org/grpc/security/advancedtls/advancedtls.go:258.48,258.48 0 1
google.golang.org/grpc/security/advancedtls/advancedtls.go:262.41,263.91 1 1
google.golang.org/grpc/security/advancedtls/advancedtls.go:270.10,273.34 1 1
google.golang.org/grpc/security/advancedtls/advancedtls.go:263.91,265.18 2 1
google.golang.org/grpc/security/advancedtls/advancedtls.go:268.4,268.56 1 1
google.golang.org/grpc/security/advancedtls/advancedtls.go:265.18,267.5 1 0
google.golang.org/grpc/security/advancedtls/advancedtls.go:273.34,275.18 2 1
google.golang.org/grpc/security/advancedtls/advancedtls.go:278.4,278.34 1 1
google.golang.org/grpc/security/advancedtls/advancedtls.go:275.18,277.5 1 0
google.golang.org/grpc/security/advancedtls/advancedtls.go:283.45,284.55 1 1
google.golang.org/grpc/security/advancedtls/advancedtls.go:285.65,286.83 1 1
google.golang.org/grpc/security/advancedtls/advancedtls.go:287.49,288.93 1 1
google.golang.org/grpc/security/advancedtls/advancedtls.go:298.10,298.10 0 1
google.golang.org/grpc/security/advancedtls/advancedtls.go:288.93,290.18 2 1
google.golang.org/grpc/security/advancedtls/advancedtls.go:293.4,293.26 1 1
google.golang.org/grpc/security/advancedtls/advancedtls.go:296.4,296.28 1 1
google.golang.org/grpc/security/advancedtls/advancedtls.go:290.18,292.5 1 1
google.golang.org/grpc/security/advancedtls/advancedtls.go:293.26,295.5 1 1
google.golang.org/grpc/security/advancedtls/advancedtls.go:304.55,305.79 1 1
google.golang.org/grpc/security/advancedtls/advancedtls.go:310.2,310.54 1 1
google.golang.org/grpc/security/advancedtls/advancedtls.go:313.2,313.58 1 1
google.golang.org/grpc/security/advancedtls/advancedtls.go:316.2,316.63 1 1
google.golang.org/grpc/security/advancedtls/advancedtls.go:319.2,319.33 1 1
google.golang.org/grpc/security/advancedtls/advancedtls.go:322.2,323.25 2 1
google.golang.org/grpc/security/advancedtls/advancedtls.go:329.2,335.9 2 1
google.golang.org/grpc/security/advancedtls/advancedtls.go:362.2,362.9 1 1
google.golang.org/grpc/security/advancedtls/advancedtls.go:387.2,387.20 1 1
google.golang.org/grpc/security/advancedtls/advancedtls.go:305.79,307.3 1 1
google.golang.org/grpc/security/advancedtls/advancedtls.go:310.54,312.3 1 1
google.golang.org/grpc/security/advancedtls/advancedtls.go:313.58,315.3 1 1
google.golang.org/grpc/security/advancedtls/advancedtls.go:316.63,318.3 1 1
google.golang.org/grpc/security/advancedtls/advancedtls.go:319.33,321.3 1 1
google.golang.org/grpc/security/advancedtls/advancedtls.go:323.25,328.3 1 1
google.golang.org/grpc/security/advancedtls/advancedtls.go:336.40,337.47 1 1
google.golang.org/grpc/security/advancedtls/advancedtls.go:338.48,338.48 0 1
google.golang.org/grpc/security/advancedtls/advancedtls.go:342.41,343.91 1 1
google.golang.org/grpc/security/advancedtls/advancedtls.go:350.10,353.57 1 1
google.golang.org/grpc/security/advancedtls/advancedtls.go:343.91,345.18 2 1
google.golang.org/grpc/security/advancedtls/advancedtls.go:348.4,348.56 1 1
google.golang.org/grpc/security/advancedtls/advancedtls.go:345.18,347.5 1 1
google.golang.org/grpc/security/advancedtls/advancedtls.go:353.57,355.18 2 1
google.golang.org/grpc/security/advancedtls/advancedtls.go:358.4,358.36 1 1
google.golang.org/grpc/security/advancedtls/advancedtls.go:355.18,357.5 1 0
google.golang.org/grpc/security/advancedtls/advancedtls.go:363.45,364.55 1 1
google.golang.org/grpc/security/advancedtls/advancedtls.go:365.65,366.92 1 1
google.golang.org/grpc/security/advancedtls/advancedtls.go:369.49,370.111 1 1
google.golang.org/grpc/security/advancedtls/advancedtls.go:381.3,381.92 1 1
google.golang.org/grpc/security/advancedtls/advancedtls.go:384.10,385.94 1 1
google.golang.org/grpc/security/advancedtls/advancedtls.go:366.92,368.4 1 1
google.golang.org/grpc/security/advancedtls/advancedtls.go:370.111,372.18 2 1
google.golang.org/grpc/security/advancedtls/advancedtls.go:375.4,376.39 2 1
google.golang.org/grpc/security/advancedtls/advancedtls.go:379.4,379.26 1 1
google.golang.org/grpc/security/advancedtls/advancedtls.go:372.18,374.5 1 0
google.golang.org/grpc/security/advancedtls/advancedtls.go:376.39,378.5 1 1
google.golang.org/grpc/security/advancedtls/advancedtls.go:381.92,383.4 1 1
google.golang.org/grpc/security/advancedtls/advancedtls.go:401.59,407.2 1 1
google.golang.org/grpc/security/advancedtls/advancedtls.go:409.141,414.26 2 1
google.golang.org/grpc/security/advancedtls/advancedtls.go:417.2,420.12 4 1
google.golang.org/grpc/security/advancedtls/advancedtls.go:424.2,424.9 1 1
google.golang.org/grpc/security/advancedtls/advancedtls.go:434.2,441.63 3 1
google.golang.org/grpc/security/advancedtls/advancedtls.go:414.26,416.3 1 1
google.golang.org/grpc/security/advancedtls/advancedtls.go:420.12,423.3 2 1
google.golang.org/grpc/security/advancedtls/advancedtls.go:425.27,426.17 1 1
google.golang.org/grpc/security/advancedtls/advancedtls.go:430.20,432.29 2 0
google.golang.org/grpc/security/advancedtls/advancedtls.go:426.17,429.4 2 1
google.golang.org/grpc/security/advancedtls/advancedtls.go:444.102,448.41 4 1
google.golang.org/grpc/security/advancedtls/advancedtls.go:452.2,459.63 3 1
google.golang.org/grpc/security/advancedtls/advancedtls.go:448.41,451.3 2 1
google.golang.org/grpc/security/advancedtls/advancedtls.go:462.69,469.2 1 1
google.golang.org/grpc/security/advancedtls/advancedtls.go:471.80,474.2 2 1
google.golang.org/grpc/security/advancedtls/advancedtls.go:485.88,486.77 1 1
google.golang.org/grpc/security/advancedtls/advancedtls.go:486.77,490.37 4 1
google.golang.org/grpc/security/advancedtls/advancedtls.go:497.3,497.72 1 1
google.golang.org/grpc/security/advancedtls/advancedtls.go:546.3,546.32 1 1
google.golang.org/grpc/security/advancedtls/advancedtls.go:556.3,556.26 1 1
google.golang.org/grpc/security/advancedtls/advancedtls.go:565.3,565.13 1 1
google.golang.org/grpc/security/advancedtls/advancedtls.go:490.37,492.18 2 1
google.golang.org/grpc/security/advancedtls/advancedtls.go:495.4,495.25 1 1
google.golang.org/grpc/security/advancedtls/advancedtls.go:492.18,494.5 1 0
google.golang.org/grpc/security/advancedtls/advancedtls.go:497.72,500.19 2 1
google.golang.org/grpc/security/advancedtls/advancedtls.go:504.4,504.45 1 1
google.golang.org/grpc/security/advancedtls/advancedtls.go:515.4,516.19 2 1
google.golang.org/grpc/security/advancedtls/advancedtls.go:519.4,525.41 2 1
google.golang.org/grpc/security/advancedtls/advancedtls.go:529.4,529.76 1 1
google.golang.org/grpc/security/advancedtls/advancedtls.go:538.4,540.18 3 1
google.golang.org/grpc/security/advancedtls/advancedtls.go:543.4,543.29 1 1
google.golang.org/grpc/security/advancedtls/advancedtls.go:500.19,502.5 1 1
google.golang.org/grpc/security/advancedtls/advancedtls.go:504.45,509.19 2 1
google.golang.org/grpc/security/advancedtls/advancedtls.go:512.5,512.33 1 1
google.golang.org/grpc/security/advancedtls/advancedtls.go:509.19,511.6 1 1
google.golang.org/grpc/security/advancedtls/advancedtls.go:516.19,518.5 1 1
google.golang.org/grpc/security/advancedtls/advancedtls.go:525.41,527.5 1 0
google.golang.org/grpc/security/advancedtls/advancedtls.go:529.76,531.19 2 1
google.golang.org/grpc/security/advancedtls/advancedtls.go:536.5,536.30 1 1
google.golang.org/grpc/security/advancedtls/advancedtls.go:531.19,535.6 1 0
google.golang.org/grpc/security/advancedtls/advancedtls.go:540.18,542.5 1 1
google.golang.org/grpc/security/advancedtls/advancedtls.go:546.32,548.29 2 1
google.golang.org/grpc/security/advancedtls/advancedtls.go:551.4,551.84 1 1
google.golang.org/grpc/security/advancedtls/advancedtls.go:548.29,550.5 1 0
google.golang.org/grpc/security/advancedtls/advancedtls.go:551.84,553.5 1 0
google.golang.org/grpc/security/advancedtls/advancedtls.go:556.26,564.4 2 1
google.golang.org/grpc/security/advancedtls/advancedtls.go:571.81,573.16 2 1
google.golang.org/grpc/security/advancedtls/advancedtls.go:576.2,585.16 3 1
google.golang.org/grpc/security/advancedtls/advancedtls.go:573.16,575.3 1 0
google.golang.org/grpc/security/advancedtls/advancedtls.go:590.81,592.16 2 1
google.golang.org/grpc/security/advancedtls/advancedtls.go:595.2,604.16 3 1
google.golang.org/grpc/security/advancedtls/advancedtls.go:592.16,594.3 1 0
google.golang.org/grpc/security/advancedtls/crl.go:82.43,84.2 1 1
google.golang.org/grpc/security/advancedtls/crl.go:114.46,117.27 2 1
google.golang.org/grpc/security/advancedtls/crl.go:135.2,135.29 1 1
google.golang.org/grpc/security/advancedtls/crl.go:143.2,151.38 3 1
google.golang.org/grpc/security/advancedtls/crl.go:117.27,118.30 1 1
google.golang.org/grpc/security/advancedtls/crl.go:118.30,120.11 2 1
google.golang.org/grpc/security/advancedtls/crl.go:125.4,128.85 2 1
google.golang.org/grpc/security/advancedtls/crl.go:120.11,121.13 1 0
google.golang.org/grpc/security/advancedtls/crl.go:135.29,137.17 2 1
google.golang.org/grpc/security/advancedtls/crl.go:140.3,140.40 1 1
google.golang.org/grpc/security/advancedtls/crl.go:137.17,138.12 1 1
google.golang.org/grpc/security/advancedtls/crl.go:162.76,164.2 1 1
google.golang.org/grpc/security/advancedtls/crl.go:168.93,173.39 2 1
google.golang.org/grpc/security/advancedtls/crl.go:190.2,190.59 1 1
google.golang.org/grpc/security/advancedtls/crl.go:173.39,174.33 1 1
google.golang.org/grpc/security/advancedtls/crl.go:175.28,177.14 1 1
google.golang.org/grpc/security/advancedtls/crl.go:178.26,181.12 2 1
google.golang.org/grpc/security/advancedtls/crl.go:182.31,183.29 1 1
google.golang.org/grpc/security/advancedtls/crl.go:186.4,187.12 2 1
google.golang.org/grpc/security/advancedtls/crl.go:183.29,185.5 1 1
google.golang.org/grpc/security/advancedtls/crl.go:198.83,200.26 2 1
google.golang.org/grpc/security/advancedtls/crl.go:215.2,215.20 1 1
google.golang.org/grpc/security/advancedtls/crl.go:200.26,201.35 1 1
google.golang.org/grpc/security/advancedtls/crl.go:202.26,204.28 1 1
google.golang.org/grpc/security/advancedtls/crl.go:205.31,209.40 1 1
google.golang.org/grpc/security/advancedtls/crl.go:210.28,212.12 1 1
google.golang.org/grpc/security/advancedtls/crl.go:218.75,220.9 2 1
google.golang.org/grpc/security/advancedtls/crl.go:223.2,224.9 2 1
google.golang.org/grpc/security/advancedtls/crl.go:228.2,228.42 1 1
google.golang.org/grpc/security/advancedtls/crl.go:231.2,231.18 1 1
google.golang.org/grpc/security/advancedtls/crl.go:220.9,222.3 1 1
google.golang.org/grpc/security/advancedtls/crl.go:224.9,226.3 1 1
google.golang.org/grpc/security/advancedtls/crl.go:228.42,230.3 1 1
google.golang.org/grpc/security/advancedtls/crl.go:235.124,236.22 1 1
google.golang.org/grpc/security/advancedtls/crl.go:242.2,243.16 2 1
google.golang.org/grpc/security/advancedtls/crl.go:247.2,247.64 1 1
google.golang.org/grpc/security/advancedtls/crl.go:250.2,250.22 1 1
google.golang.org/grpc/security/advancedtls/crl.go:253.2,253.17 1 1
google.golang.org/grpc/security/advancedtls/crl.go:236.22,237.53 1 1
google.golang.org/grpc/security/advancedtls/crl.go:237.53,239.4 1 1
google.golang.org/grpc/security/advancedtls/crl.go:243.16,245.3 1 1
google.golang.org/grpc/security/advancedtls/crl.go:247.64,249.3 1 0
google.golang.org/grpc/security/advancedtls/crl.go:250.22,252.3 1 1
google.golang.org/grpc/security/advancedtls/crl.go:261.110,263.16 2 1
google.golang.org/grpc/security/advancedtls/crl.go:268.2,269.16 2 1
google.golang.org/grpc/security/advancedtls/crl.go:277.2,277.19 1 1
google.golang.org/grpc/security/advancedtls/crl.go:263.16,267.3 2 1
google.golang.org/grpc/security/advancedtls/crl.go:269.16,273.3 2 0
google.golang.org/grpc/security/advancedtls/crl.go:280.98,286.59 2 1
google.golang.org/grpc/security/advancedtls/crl.go:314.2,314.33 1 1
google.golang.org/grpc/security/advancedtls/crl.go:286.59,288.42 1 1
google.golang.org/grpc/security/advancedtls/crl.go:307.3,307.96 1 1
google.golang.org/grpc/security/advancedtls/crl.go:288.42,289.42 1 1
google.golang.org/grpc/security/advancedtls/crl.go:289.42,291.19 2 1
google.golang.org/grpc/security/advancedtls/crl.go:300.5,300.31 1 1
google.golang.org/grpc/security/advancedtls/crl.go:291.19,293.22 2 0
google.golang.org/grpc/security/advancedtls/crl.go:298.6,298.14 1 0
google.golang.org/grpc/security/advancedtls/crl.go:293.22,295.7 1 0
google.golang.org/grpc/security/advancedtls/crl.go:301.10,301.27 1 1
google.golang.org/grpc/security/advancedtls/crl.go:301.27,303.5 1 0
google.golang.org/grpc/security/advancedtls/crl.go:307.96,310.4 1 1
google.golang.org/grpc/security/advancedtls/crl.go:317.61,322.89 2 1
google.golang.org/grpc/security/advancedtls/crl.go:326.2,326.43 1 1
google.golang.org/grpc/security/advancedtls/crl.go:346.2,346.61 1 0
google.golang.org/grpc/security/advancedtls/crl.go:322.89,324.3 1 0
google.golang.org/grpc/security/advancedtls/crl.go:326.43,337.42 1 1
google.golang.org/grpc/security/advancedtls/crl.go:337.42,339.4 1 1
google.golang.org/grpc/security/advancedtls/crl.go:378.78,379.14 1 1
google.golang.org/grpc/security/advancedtls/crl.go:382.2,384.35 2 1
google.golang.org/grpc/security/advancedtls/crl.go:421.2,421.39 1 1
google.golang.org/grpc/security/advancedtls/crl.go:424.2,424.22 1 1
google.golang.org/grpc/security/advancedtls/crl.go:379.14,381.3 1 0
google.golang.org/grpc/security/advancedtls/crl.go:384.35,385.10 1 1
google.golang.org/grpc/security/advancedtls/crl.go:386.43,387.52 1 0
google.golang.org/grpc/security/advancedtls/crl.go:389.48,391.62 2 1
google.golang.org/grpc/security/advancedtls/crl.go:396.4,396.34 1 1
google.golang.org/grpc/security/advancedtls/crl.go:398.50,400.63 2 1
google.golang.org/grpc/security/advancedtls/crl.go:406.4,406.91 1 1
google.golang.org/grpc/security/advancedtls/crl.go:409.4,409.22 1 1
google.golang.org/grpc/security/advancedtls/crl.go:412.4,412.41 1 0
google.golang.org/grpc/security/advancedtls/crl.go:416.21,417.72 1 0
google.golang.org/grpc/security/advancedtls/crl.go:391.62,393.5 1 0
google.golang.org/grpc/security/advancedtls/crl.go:393.10,393.29 1 1
google.golang.org/grpc/security/advancedtls/crl.go:393.29,395.5 1 0
google.golang.org/grpc/security/advancedtls/crl.go:400.63,402.5 1 0
google.golang.org/grpc/security/advancedtls/crl.go:402.10,402.29 1 1
google.golang.org/grpc/security/advancedtls/crl.go:402.29,404.5 1 0
google.golang.org/grpc/security/advancedtls/crl.go:406.91,408.5 1 1
google.golang.org/grpc/security/advancedtls/crl.go:409.22,411.5 1 1
google.golang.org/grpc/security/advancedtls/crl.go:412.41,414.5 1 0
google.golang.org/grpc/security/advancedtls/crl.go:421.39,423.3 1 0
google.golang.org/grpc/security/advancedtls/crl.go:427.84,432.20 2 1
google.golang.org/grpc/security/advancedtls/crl.go:472.2,472.22 1 1
google.golang.org/grpc/security/advancedtls/crl.go:475.2,475.23 1 1
google.golang.org/grpc/security/advancedtls/crl.go:432.20,436.35 3 1
google.golang.org/grpc/security/advancedtls/crl.go:439.3,441.17 3 1
google.golang.org/grpc/security/advancedtls/crl.go:447.3,448.17 2 1
google.golang.org/grpc/security/advancedtls/crl.go:452.3,453.58 2 1
google.golang.org/grpc/security/advancedtls/crl.go:459.3,460.17 2 1
google.golang.org/grpc/security/advancedtls/crl.go:463.3,465.43 2 1
google.golang.org/grpc/security/advancedtls/crl.go:436.35,438.4 1 1
google.golang.org/grpc/security/advancedtls/crl.go:441.17,444.9 2 1
google.golang.org/grpc/security/advancedtls/crl.go:448.17,451.4 1 0
google.golang.org/grpc/security/advancedtls/crl.go:453.58,456.12 2 0
google.golang.org/grpc/security/advancedtls/crl.go:460.17,462.4 1 0
google.golang.org/grpc/security/advancedtls/crl.go:465.43,468.12 2 1
google.golang.org/grpc/security/advancedtls/crl.go:472.22,474.3 1 1
google.golang.org/grpc/security/advancedtls/crl.go:478.92,483.26 1 1
google.golang.org/grpc/security/advancedtls/crl.go:495.2,495.93 1 1
google.golang.org/grpc/security/advancedtls/crl.go:483.26,490.98 1 1
google.golang.org/grpc/security/advancedtls/crl.go:490.98,493.4 1 1
google.golang.org/grpc/security/advancedtls/crl.go:503.42,505.43 2 1
google.golang.org/grpc/security/advancedtls/crl.go:508.2,508.17 1 1
google.golang.org/grpc/security/advancedtls/crl.go:505.43,507.3 1 1
google.golang.org/grpc/security/advancedtls/crl.go:514.56,515.45 1 1
google.golang.org/grpc/security/advancedtls/crl.go:518.2,524.50 3 1
google.golang.org/grpc/security/advancedtls/crl.go:527.2,527.20 1 1
google.golang.org/grpc/security/advancedtls/crl.go:515.45,517.3 1 1
google.golang.org/grpc/security/advancedtls/crl.go:524.50,526.3 1 0
google.golang.org/grpc/security/advancedtls/crl.go:530.63,532.2 1 1
google.golang.org/grpc/security/advancedtls/crl.go:539.73,540.45 1 1
google.golang.org/grpc/security/advancedtls/crl.go:543.2,544.16 2 1
google.golang.org/grpc/security/advancedtls/crl.go:547.2,547.17 1 1
google.golang.org/grpc/security/advancedtls/crl.go:540.45,542.3 1 1
google.golang.org/grpc/security/advancedtls/crl.go:544.16,546.3 1 0
google.golang.org/grpc/security/advancedtls/sni.go:28.105,29.63 1 1
google.golang.org/grpc/security/advancedtls/sni.go:32.2,33.16 2 1
google.golang.org/grpc/security/advancedtls/sni.go:36.2,36.28 1 1
google.golang.org/grpc/security/advancedtls/sni.go:40.2,40.28 1 1
google.golang.org/grpc/security/advancedtls/sni.go:44.2,44.36 1 1
google.golang.org/grpc/security/advancedtls/sni.go:50.2,50.29 1 1
google.golang.org/grpc/security/advancedtls/sni.go:29.63,31.3 1 0
google.golang.org/grpc/security/advancedtls/sni.go:33.16,35.3 1 0
google.golang.org/grpc/security/advancedtls/sni.go:36.28,38.3 1 0
google.golang.org/grpc/security/advancedtls/sni.go:40.28,42.3 1 1
google.golang.org/grpc/security/advancedtls/sni.go:44.36,45.63 1 1
google.golang.org/grpc/security/advancedtls/sni.go:45.63,47.4 1 1
