google.golang.org/grpc/gcp/observability/opencensus.go:55.77,57.27 2 0
google.golang.org/grpc/gcp/observability/opencensus.go:60.2,60.17 1 0
google.golang.org/grpc/gcp/observability/opencensus.go:57.27,59.3 1 0
google.golang.org/grpc/gcp/observability/opencensus.go:63.71,65.27 2 0
google.golang.org/grpc/gcp/observability/opencensus.go:68.2,68.11 1 0
google.golang.org/grpc/gcp/observability/opencensus.go:65.27,67.3 1 0
google.golang.org/grpc/gcp/observability/opencensus.go:82.77,92.34 5 0
google.golang.org/grpc/gcp/observability/opencensus.go:95.2,104.16 3 0
google.golang.org/grpc/gcp/observability/opencensus.go:107.2,107.22 1 0
google.golang.org/grpc/gcp/observability/opencensus.go:92.34,94.3 1 0
google.golang.org/grpc/gcp/observability/opencensus.go:104.16,106.3 1 0
google.golang.org/grpc/gcp/observability/opencensus.go:114.47,116.16 2 0
google.golang.org/grpc/gcp/observability/opencensus.go:119.2,119.59 1 0
google.golang.org/grpc/gcp/observability/opencensus.go:116.16,118.3 1 0
google.golang.org/grpc/gcp/observability/opencensus.go:124.44,127.82 1 1
google.golang.org/grpc/gcp/observability/opencensus.go:131.2,133.16 3 1
google.golang.org/grpc/gcp/observability/opencensus.go:137.2,138.30 2 1
google.golang.org/grpc/gcp/observability/opencensus.go:144.2,144.35 1 1
google.golang.org/grpc/gcp/observability/opencensus.go:153.2,157.12 4 1
google.golang.org/grpc/gcp/observability/opencensus.go:127.82,129.3 1 1
google.golang.org/grpc/gcp/observability/opencensus.go:133.16,135.3 1 0
google.golang.org/grpc/gcp/observability/opencensus.go:138.30,142.3 3 1
google.golang.org/grpc/gcp/observability/opencensus.go:144.35,145.56 1 1
google.golang.org/grpc/gcp/observability/opencensus.go:148.3,150.57 3 1
google.golang.org/grpc/gcp/observability/opencensus.go:145.56,147.4 1 0
google.golang.org/grpc/gcp/observability/opencensus.go:162.23,163.21 1 1
google.golang.org/grpc/gcp/observability/opencensus.go:163.21,178.3 7 1
google.golang.org/grpc/gcp/observability/config.go:37.56,39.43 1 0
google.golang.org/grpc/gcp/observability/config.go:44.2,45.16 2 0
google.golang.org/grpc/gcp/observability/config.go:49.2,49.33 1 0
google.golang.org/grpc/gcp/observability/config.go:53.2,54.30 2 0
google.golang.org/grpc/gcp/observability/config.go:39.43,42.3 2 0
google.golang.org/grpc/gcp/observability/config.go:45.16,48.3 2 0
google.golang.org/grpc/gcp/observability/config.go:49.33,52.3 2 0
google.golang.org/grpc/gcp/observability/config.go:59.48,60.36 1 1
google.golang.org/grpc/gcp/observability/config.go:63.2,64.29 2 1
google.golang.org/grpc/gcp/observability/config.go:67.2,67.28 1 1
google.golang.org/grpc/gcp/observability/config.go:70.2,70.29 1 1
google.golang.org/grpc/gcp/observability/config.go:73.2,73.12 1 1
google.golang.org/grpc/gcp/observability/config.go:60.36,62.3 1 1
google.golang.org/grpc/gcp/observability/config.go:64.29,66.3 1 1
google.golang.org/grpc/gcp/observability/config.go:67.28,69.3 1 1
google.golang.org/grpc/gcp/observability/config.go:70.29,72.3 1 1
google.golang.org/grpc/gcp/observability/config.go:76.67,77.33 1 1
google.golang.org/grpc/gcp/observability/config.go:88.2,88.12 1 1
google.golang.org/grpc/gcp/observability/config.go:77.33,78.20 1 1
google.golang.org/grpc/gcp/observability/config.go:84.3,84.54 1 1
google.golang.org/grpc/gcp/observability/config.go:78.20,79.15 1 1
google.golang.org/grpc/gcp/observability/config.go:82.4,82.12 1 1
google.golang.org/grpc/gcp/observability/config.go:79.15,81.5 1 1
google.golang.org/grpc/gcp/observability/config.go:84.54,86.4 1 1
google.golang.org/grpc/gcp/observability/config.go:91.50,92.32 1 1
google.golang.org/grpc/gcp/observability/config.go:95.2,95.69 1 1
google.golang.org/grpc/gcp/observability/config.go:100.2,100.69 1 1
google.golang.org/grpc/gcp/observability/config.go:105.2,105.12 1 1
google.golang.org/grpc/gcp/observability/config.go:92.32,94.3 1 1
google.golang.org/grpc/gcp/observability/config.go:95.69,96.96 1 1
google.golang.org/grpc/gcp/observability/config.go:96.96,98.4 1 1
google.golang.org/grpc/gcp/observability/config.go:100.69,101.96 1 1
google.golang.org/grpc/gcp/observability/config.go:101.96,103.4 1 0
google.golang.org/grpc/gcp/observability/config.go:111.73,113.57 2 1
google.golang.org/grpc/gcp/observability/config.go:116.2,116.55 1 1
google.golang.org/grpc/gcp/observability/config.go:119.2,119.108 1 1
google.golang.org/grpc/gcp/observability/config.go:122.2,123.21 2 1
google.golang.org/grpc/gcp/observability/config.go:113.57,115.3 1 0
google.golang.org/grpc/gcp/observability/config.go:116.55,118.3 1 1
google.golang.org/grpc/gcp/observability/config.go:119.108,121.3 1 0
google.golang.org/grpc/gcp/observability/config.go:126.50,127.53 1 1
google.golang.org/grpc/gcp/observability/config.go:140.2,140.17 1 1
google.golang.org/grpc/gcp/observability/config.go:127.53,128.42 1 1
google.golang.org/grpc/gcp/observability/config.go:131.3,132.17 2 1
google.golang.org/grpc/gcp/observability/config.go:135.3,135.43 1 1
google.golang.org/grpc/gcp/observability/config.go:128.42,130.4 1 1
google.golang.org/grpc/gcp/observability/config.go:132.17,134.4 1 1
google.golang.org/grpc/gcp/observability/config.go:136.8,136.48 1 1
google.golang.org/grpc/gcp/observability/config.go:136.48,138.3 1 1
google.golang.org/grpc/gcp/observability/config.go:143.86,144.28 1 1
google.golang.org/grpc/gcp/observability/config.go:152.2,152.12 1 1
google.golang.org/grpc/gcp/observability/config.go:144.28,147.22 2 0
google.golang.org/grpc/gcp/observability/config.go:150.3,150.31 1 0
google.golang.org/grpc/gcp/observability/config.go:147.22,149.4 1 0
google.golang.org/grpc/gcp/observability/exporting.go:64.92,66.16 2 0
google.golang.org/grpc/gcp/observability/exporting.go:69.2,70.29 2 0
google.golang.org/grpc/gcp/observability/exporting.go:73.2,77.8 1 0
google.golang.org/grpc/gcp/observability/exporting.go:66.16,68.3 1 0
google.golang.org/grpc/gcp/observability/exporting.go:70.29,72.3 1 0
google.golang.org/grpc/gcp/observability/exporting.go:80.78,82.17 2 0
google.golang.org/grpc/gcp/observability/exporting.go:82.17,84.3 1 0
google.golang.org/grpc/gcp/observability/exporting.go:87.48,89.23 2 0
google.golang.org/grpc/gcp/observability/exporting.go:92.2,92.23 1 0
google.golang.org/grpc/gcp/observability/exporting.go:95.2,95.40 1 0
google.golang.org/grpc/gcp/observability/exporting.go:98.2,98.21 1 0
google.golang.org/grpc/gcp/observability/exporting.go:101.2,101.21 1 0
google.golang.org/grpc/gcp/observability/exporting.go:104.2,107.12 4 0
google.golang.org/grpc/gcp/observability/exporting.go:89.23,91.3 1 0
google.golang.org/grpc/gcp/observability/exporting.go:92.23,94.3 1 0
google.golang.org/grpc/gcp/observability/exporting.go:95.40,97.3 1 0
google.golang.org/grpc/gcp/observability/exporting.go:98.21,100.3 1 0
google.golang.org/grpc/gcp/observability/exporting.go:101.21,103.3 1 0
google.golang.org/grpc/gcp/observability/logging.go:51.64,53.37 2 1
google.golang.org/grpc/gcp/observability/logging.go:69.2,69.17 1 1
google.golang.org/grpc/gcp/observability/logging.go:53.37,56.42 3 1
google.golang.org/grpc/gcp/observability/logging.go:61.3,63.43 3 1
google.golang.org/grpc/gcp/observability/logging.go:67.3,67.45 1 1
google.golang.org/grpc/gcp/observability/logging.go:56.42,58.4 1 1
google.golang.org/grpc/gcp/observability/logging.go:58.9,60.4 1 1
google.golang.org/grpc/gcp/observability/logging.go:63.43,65.12 2 1
google.golang.org/grpc/gcp/observability/logging.go:72.87,73.34 1 1
google.golang.org/grpc/gcp/observability/logging.go:73.34,77.3 3 1
google.golang.org/grpc/gcp/observability/logging.go:107.50,109.11 2 0
google.golang.org/grpc/gcp/observability/logging.go:127.2,128.28 2 0
google.golang.org/grpc/gcp/observability/logging.go:110.24,111.43 1 0
google.golang.org/grpc/gcp/observability/logging.go:112.29,113.38 1 0
google.golang.org/grpc/gcp/observability/logging.go:114.29,115.38 1 0
google.golang.org/grpc/gcp/observability/logging.go:116.30,117.39 1 0
google.golang.org/grpc/gcp/observability/logging.go:118.30,119.39 1 0
google.golang.org/grpc/gcp/observability/logging.go:120.32,121.42 1 0
google.golang.org/grpc/gcp/observability/logging.go:122.30,123.39 1 0
google.golang.org/grpc/gcp/observability/logging.go:124.23,125.31 1 0
google.golang.org/grpc/gcp/observability/logging.go:139.51,141.11 2 1
google.golang.org/grpc/gcp/observability/logging.go:149.2,150.28 2 1
google.golang.org/grpc/gcp/observability/logging.go:142.21,143.39 1 0
google.golang.org/grpc/gcp/observability/logging.go:144.20,145.31 1 1
google.golang.org/grpc/gcp/observability/logging.go:146.20,147.31 1 0
google.golang.org/grpc/gcp/observability/logging.go:180.50,182.12 2 1
google.golang.org/grpc/gcp/observability/logging.go:192.2,193.28 2 1
google.golang.org/grpc/gcp/observability/logging.go:183.19,184.37 1 0
google.golang.org/grpc/gcp/observability/logging.go:185.12,186.29 1 1
google.golang.org/grpc/gcp/observability/logging.go:187.12,188.29 1 0
google.golang.org/grpc/gcp/observability/logging.go:189.12,190.29 1 0
google.golang.org/grpc/gcp/observability/logging.go:253.115,262.31 3 1
google.golang.org/grpc/gcp/observability/logging.go:316.2,322.20 6 1
google.golang.org/grpc/gcp/observability/logging.go:332.2,337.8 2 1
google.golang.org/grpc/gcp/observability/logging.go:342.2,342.24 1 1
google.golang.org/grpc/gcp/observability/logging.go:263.48,264.39 1 0
google.golang.org/grpc/gcp/observability/logging.go:265.54,267.43 2 1
google.golang.org/grpc/gcp/observability/logging.go:284.3,285.46 2 1
google.golang.org/grpc/gcp/observability/logging.go:286.54,288.43 2 1
google.golang.org/grpc/gcp/observability/logging.go:291.3,292.46 2 1
google.golang.org/grpc/gcp/observability/logging.go:293.55,297.68 4 1
google.golang.org/grpc/gcp/observability/logging.go:298.55,302.68 4 1
google.golang.org/grpc/gcp/observability/logging.go:303.58,304.47 1 1
google.golang.org/grpc/gcp/observability/logging.go:305.55,312.46 7 1
google.golang.org/grpc/gcp/observability/logging.go:313.47,314.38 1 0
google.golang.org/grpc/gcp/observability/logging.go:267.43,270.41 2 1
google.golang.org/grpc/gcp/observability/logging.go:280.4,282.98 3 1
google.golang.org/grpc/gcp/observability/logging.go:270.41,272.25 2 1
google.golang.org/grpc/gcp/observability/logging.go:272.25,276.6 2 1
google.golang.org/grpc/gcp/observability/logging.go:276.11,278.6 1 0
google.golang.org/grpc/gcp/observability/logging.go:288.43,290.4 1 1
google.golang.org/grpc/gcp/observability/logging.go:322.20,324.50 1 1
google.golang.org/grpc/gcp/observability/logging.go:324.50,327.4 2 1
google.golang.org/grpc/gcp/observability/logging.go:328.8,331.3 1 1
google.golang.org/grpc/gcp/observability/logging.go:337.8,341.3 3 1
google.golang.org/grpc/gcp/observability/logging.go:345.81,347.2 1 1
google.golang.org/grpc/gcp/observability/logging.go:368.79,370.16 2 1
google.golang.org/grpc/gcp/observability/logging.go:374.2,374.46 1 1
google.golang.org/grpc/gcp/observability/logging.go:389.2,389.12 1 0
google.golang.org/grpc/gcp/observability/logging.go:370.16,373.3 2 0
google.golang.org/grpc/gcp/observability/logging.go:374.46,375.95 1 1
google.golang.org/grpc/gcp/observability/logging.go:375.95,376.27 1 1
google.golang.org/grpc/gcp/observability/logging.go:380.4,386.5 1 1
google.golang.org/grpc/gcp/observability/logging.go:376.27,378.5 1 1
google.golang.org/grpc/gcp/observability/logging.go:394.57,396.13 2 1
google.golang.org/grpc/gcp/observability/logging.go:400.2,400.42 1 1
google.golang.org/grpc/gcp/observability/logging.go:396.13,399.3 1 0
google.golang.org/grpc/gcp/observability/logging.go:403.72,405.31 2 1
google.golang.org/grpc/gcp/observability/logging.go:408.2,409.49 2 1
google.golang.org/grpc/gcp/observability/logging.go:434.2,440.147 2 1
google.golang.org/grpc/gcp/observability/logging.go:405.31,407.3 1 1
google.golang.org/grpc/gcp/observability/logging.go:409.49,415.49 2 1
google.golang.org/grpc/gcp/observability/logging.go:432.3,432.51 1 1
google.golang.org/grpc/gcp/observability/logging.go:415.49,418.21 3 1
google.golang.org/grpc/gcp/observability/logging.go:422.4,423.18 2 1
google.golang.org/grpc/gcp/observability/logging.go:426.4,426.16 1 1
google.golang.org/grpc/gcp/observability/logging.go:430.4,430.48 1 1
google.golang.org/grpc/gcp/observability/logging.go:418.21,420.13 2 1
google.golang.org/grpc/gcp/observability/logging.go:423.18,424.13 1 0
google.golang.org/grpc/gcp/observability/logging.go:426.16,428.13 2 1
google.golang.org/grpc/gcp/observability/logging.go:443.72,445.31 2 1
google.golang.org/grpc/gcp/observability/logging.go:448.2,449.49 2 1
google.golang.org/grpc/gcp/observability/logging.go:474.2,480.149 2 1
google.golang.org/grpc/gcp/observability/logging.go:445.31,447.3 1 1
google.golang.org/grpc/gcp/observability/logging.go:449.49,455.49 2 1
google.golang.org/grpc/gcp/observability/logging.go:472.3,472.51 1 1
google.golang.org/grpc/gcp/observability/logging.go:455.49,458.21 3 1
google.golang.org/grpc/gcp/observability/logging.go:462.4,463.18 2 0
google.golang.org/grpc/gcp/observability/logging.go:466.4,466.16 1 0
google.golang.org/grpc/gcp/observability/logging.go:470.4,470.48 1 0
google.golang.org/grpc/gcp/observability/logging.go:458.21,460.13 2 1
google.golang.org/grpc/gcp/observability/logging.go:463.18,464.13 1 0
google.golang.org/grpc/gcp/observability/logging.go:466.16,468.13 2 0
google.golang.org/grpc/gcp/observability/logging.go:483.62,484.49 1 1
google.golang.org/grpc/gcp/observability/logging.go:487.2,489.16 3 1
google.golang.org/grpc/gcp/observability/logging.go:493.2,495.12 3 1
google.golang.org/grpc/gcp/observability/logging.go:484.49,486.3 1 1
google.golang.org/grpc/gcp/observability/logging.go:489.16,491.3 1 0
google.golang.org/grpc/gcp/observability/logging.go:498.20,501.22 3 1
google.golang.org/grpc/gcp/observability/logging.go:501.22,504.3 1 1
google.golang.org/grpc/gcp/observability/observability.go:48.39,50.16 2 1
google.golang.org/grpc/gcp/observability/observability.go:53.2,53.19 1 1
google.golang.org/grpc/gcp/observability/observability.go:58.2,58.73 1 1
google.golang.org/grpc/gcp/observability/observability.go:64.2,64.15 1 1
google.golang.org/grpc/gcp/observability/observability.go:71.2,71.47 1 1
google.golang.org/grpc/gcp/observability/observability.go:75.2,75.49 1 1
google.golang.org/grpc/gcp/observability/observability.go:80.2,80.12 1 1
google.golang.org/grpc/gcp/observability/observability.go:50.16,52.3 1 1
google.golang.org/grpc/gcp/observability/observability.go:53.19,55.3 1 1
google.golang.org/grpc/gcp/observability/observability.go:58.73,60.3 1 0
google.golang.org/grpc/gcp/observability/observability.go:64.15,65.17 1 1
google.golang.org/grpc/gcp/observability/observability.go:65.17,67.4 1 0
google.golang.org/grpc/gcp/observability/observability.go:71.47,73.3 1 0
google.golang.org/grpc/gcp/observability/observability.go:75.49,77.3 1 0
google.golang.org/grpc/gcp/observability/observability.go:89.12,92.2 2 1
